» design-work@0.0.0 → ./ds-bundle (window.DesignWork)
  react@19.1.0 has no UMD — bundling via esbuild
[DETECT] shape=storybook (explicit --storybook-static)
  source shape: storybook (from cfg.shape)
  entry: ../.design-sync/ds-entry.ts
  [DTS] parsed 0 .d.ts files from /Users/hikaru.kimura/design-work/.design-sync
  storybook-static: 14 entries → 6 components
  story sources: 14/14 stories paired to module exports
  bundle: 8 KB
  inlined npm packages: 0
  (preview decorators: /Users/hikaru.kimura/design-work/.storybook/preview.ts never mentions decorators — nothing to bundle; if providers live elsewhere, set cfg.provider)
[CSS_FROM_STORYBOOK] _ds_bundle.css was missing — replaced with ../.design-sync/sb-reference/assets/iframe-MOK8-eTi.css (14 KB).
  exported PascalCase symbols: 6
  6/6 storybook components are public exports
  components: 6
  (excluded 0 enum/type/context/hook exports; 6 components)
  docs: 0/6 components matched
  previews: 6 generated → .design-sync/.cache/previews/
  [DTS] 6/6 components
  styles.css: 1 @import(s) (incl. _ds_bundle.css — component styles ship to designs via this closure)
  _ds_sync.json: 6 render hash(es) + source key(s) (verification anchor)
✓ wrote ./ds-bundle: _ds_bundle.js + styles.css + 6 component previews
