» design-work@0.0.0 → /Users/hikaru.kimura/design-work/ds-bundle (window.DesignWork)
  react@19.1.0 has no UMD — bundling via esbuild
[DETECT] shape=storybook (explicit --storybook-static)
  source shape: storybook (from cfg.shape)
  entry: ../.design-sync/ds-entry.ts
  [DTS] parsed 0 .d.ts files from /Users/hikaru.kimura/design-work/.design-sync
  storybook-static: 14 entries → 6 components
  story sources: 14/14 stories paired to module exports
  bundle: 8 KB
  inlined npm packages: 0
  (preview decorators: /Users/hikaru.kimura/design-work/.storybook/preview.ts never mentions decorators — nothing to bundle; if providers live elsewhere, set cfg.provider)
[CSS_FROM_STORYBOOK] _ds_bundle.css was missing — replaced with ../.design-sync/sb-reference/assets/iframe-B9CBBBJv.css (8 KB).
  exported PascalCase symbols: 6
  6/6 storybook components are public exports
  components: 6
  (excluded 0 enum/type/context/hook exports; 6 components)
  docs: 0/6 components matched
  previews: 6 generated → .design-sync/.cache/previews/
  [DTS] 6/6 components
  styles.css: 1 @import(s) (incl. _ds_bundle.css — component styles ship to designs via this closure)
  readmeHeader: stitching .design-sync/conventions.md
  _ds_sync.json: 6 render hash(es) + source key(s) (verification anchor)
✓ wrote /Users/hikaru.kimura/design-work/ds-bundle: _ds_bundle.js + styles.css + 6 component previews
verify: 6 verified-by-upload (skip capture/grade), 0 changed, 0 new, 0 removed [keyed on sourceKeys]
upload: nothing — the project already matches this build
→ /Users/hikaru.kimura/design-work/ds-bundle/.sync-diff.json
render check: skipped — anchored no-change re-sync (nothing uploads; [SYNC_STALE] and the file-shape checks still run). Pass --render-sample 0 to force the full pass.
  .ds-build-meta.json: 6 components (storybook)
  _ds_bundle.js: 10 KB, syntax OK
  _ds_bundle.js header: window.DesignWork, 6 components, 0 inlined externals
  _ds_sync.json: 6 render hash(es), anchor matches the bundle
  _ds_sync.json render hashes match disk (6 recomputed)
  styles.css: 1 @import(s), all resolve
  _ds_bundle.css: 8 KB
  tokens: 27 defined, 23 referenced
  components/: 6 previews, 6 .prompt.md
  all .d.ts parse cleanly
! [RENDER_SKIPPED] render check did not run (--no-render-check) — previews are NOT visually verified

✓ bundle is complete (1 warning(s) — review above, non-blocking)
capture skipped — no capturable changed or added components
{
  "version": 2,
  "ok": true,
  "shape": "storybook",
  "anchor": "ok",
  "learningsUnmerged": [],
  "stages": {
    "build": {
      "ok": true,
      "exit": 0,
      "skipped": null
    },
    "diff": {
      "ok": true,
      "exit": 0,
      "skipped": null
    },
    "validate": {
      "ok": true,
      "exit": 0,
      "skipped": null
    },
    "capture": {
      "ok": null,
      "exit": null,
      "skipped": "empty_worklist"
    }
  },
  "verification": {
    "unchanged": [
      "Button",
      "Checkbox",
      "TextInput",
      "TodoForm",
      "TodoItem",
      "TodoList"
    ],
    "changed": [],
    "added": [],
    "removed": [],
    "pendingGrade": [],
    "canary": null
  },
  "upload": {
    "any": false,
    "components": [],
    "deletePaths": [],
    "bundle": false,
    "styling": false,
    "aux": false
  }
}
