» design-work@0.0.0 → /Users/hikaru.kimura/design-work/ds-bundle (window.DesignWork)
  react@19.1.0 has no UMD — bundling via esbuild
[DETECT] shape=storybook (explicit --storybook-static)
  source shape: storybook (from cfg.shape)
  entry: ../.design-sync/ds-entry.ts
  [DTS] parsed 0 .d.ts files from /Users/hikaru.kimura/design-work/.design-sync
  storybook-static: 14 entries → 6 components
  story sources: 14/14 stories paired to module exports
  bundle: 8 KB
  inlined npm packages: 0
  (preview decorators: /Users/hikaru.kimura/design-work/.storybook/preview.ts never mentions decorators — nothing to bundle; if providers live elsewhere, set cfg.provider)
[CSS_FROM_STORYBOOK] _ds_bundle.css was missing — replaced with ../.design-sync/sb-reference/assets/iframe-B9CBBBJv.css (8 KB).
  exported PascalCase symbols: 6
  6/6 storybook components are public exports
  components: 6
  (excluded 0 enum/type/context/hook exports; 6 components)
  docs: 0/6 components matched
  previews: 6 generated → .design-sync/.cache/previews/
  [DTS] 6/6 components
  styles.css: 1 @import(s) (incl. _ds_bundle.css — component styles ship to designs via this closure)
  _ds_sync.json: 6 render hash(es) + source key(s) (verification anchor)
✓ wrote /Users/hikaru.kimura/design-work/ds-bundle: _ds_bundle.js + styles.css + 6 component previews
no remote anchor — full scope (6 component(s) verify + upload)
→ /Users/hikaru.kimura/design-work/ds-bundle/.sync-diff.json
  .ds-build-meta.json: 6 components (storybook)
  _ds_bundle.js: 10 KB, syntax OK
  _ds_bundle.js header: window.DesignWork, 6 components, 0 inlined externals
  _ds_sync.json: 6 render hash(es), anchor matches the bundle
  _ds_sync.json render hashes match disk (6 recomputed)
  styles.css: 1 @import(s), all resolve
  _ds_bundle.css: 8 KB
  tokens: 27 defined, 23 referenced
  components/: 6 previews, 6 .prompt.md
  all .d.ts parse cleanly
  window.DesignWork: 6 exports (6 fn + 0 compound)
! [RENDER_THIN] components/ui/Checkbox/Checkbox.html: mounts have no text and paint nothing — author .design-sync/previews/Checkbox.tsx — owned files win over generated ones
  render check: 6/6 previews render cleanly (screenshots in _screenshots/)
  contact sheets: 1 sheet(s) → _screenshots/contact-sheet-1.png

✓ bundle is complete (1 warning(s) — review above, non-blocking)
○ [COMPARE] Button: 4 needs-grade — grade keys: "Primary", "Danger", "Ghost", "Disabled"
○ [COMPARE] Checkbox: 2 needs-grade — grade keys: "Unchecked", "Checked"
○ [COMPARE] TextInput: 2 needs-grade — grade keys: "Empty", "With Value"
○ [COMPARE] TodoForm: 2 needs-grade — grade keys: "Default", "Disabled"
○ [COMPARE] TodoItem: 2 needs-grade — grade keys: "Active", "Completed"
○ [COMPARE] TodoList: 2 needs-grade — grade keys: "With Todos", "Empty"

compare: 6 component(s) — 0 carried forward unchanged, 6 captured, 0 with factual failures, 6 awaiting your grade
Grade from the true images: Read each _screenshots/compare/<group>__<Name>.png sheet (raw/ PNGs are the full-res authority), then Write the verdicts to .design-sync/.cache/compare/<Name>.grade.json (a recapture clears the old grade — its contract changed).
{
  "version": 2,
  "ok": true,
  "shape": "storybook",
  "anchor": "not_provided",
  "learningsUnmerged": [],
  "stages": {
    "build": {
      "ok": true,
      "exit": 0,
      "skipped": null
    },
    "diff": {
      "ok": true,
      "exit": 0,
      "skipped": null
    },
    "validate": {
      "ok": true,
      "exit": 0,
      "skipped": null
    },
    "capture": {
      "ok": true,
      "exit": 0,
      "skipped": null
    }
  },
  "verification": {
    "unchanged": [],
    "changed": [],
    "added": [
      "Button",
      "Checkbox",
      "TextInput",
      "TodoForm",
      "TodoItem",
      "TodoList"
    ],
    "removed": [],
    "pendingGrade": [
      "Button",
      "Checkbox",
      "TextInput",
      "TodoForm",
      "TodoItem",
      "TodoList"
    ],
    "canary": null
  },
  "upload": {
    "any": true,
    "components": [
      "Button",
      "Checkbox",
      "TextInput",
      "TodoForm",
      "TodoItem",
      "TodoList"
    ],
    "deletePaths": [],
    "bundle": true,
    "styling": true,
    "aux": true
  }
}
