
┌  Building storybook v10.4.6
│
◇  Cleaning outputDir: .design-sync/sb-reference
│
◇  Loading presets
│
◇  Building manager..
│
●  Building preview..
│  Vite vite v8.0.16 building client environment for production...
[2Ktransforming...✓ 178 modules transformed.
rendering chunks...
computing gzip size...
│  Vite .design-sync/sb-reference/iframe.html
│  18.96 kB │ gzip:   5.26 kB
│  .design-sync/sb-reference/assets/iframe-B9CBBBJv.css
│  8.18 kB │ gzip:   2.59 kB
│  .design-sync/sb-reference/assets/Button-C6pWZqaK.js
│  0.12 kB │ gzip:   0.12 kB
│  .design-sync/sb-reference/assets/Checkbox-B_9O6FXt.js
│  0.54 kB │ gzip:   0.43 kB
│  .design-sync/sb-reference/assets/Checkbox.stories-BqZ7Gms-.js
│  0.62 kB │ gzip:   0.32 kB
│  .design-sync/sb-reference/assets/TextInput.stories-XJ727xf_.js
│  0.64 kB │ gzip:   0.39 kB
│  .design-sync/sb-reference/assets/TextInput-CXh-O1ok.js
│  0.67 kB │ gzip:   0.46 kB
│  .design-sync/sb-reference/assets/TodoItem.stories-CFCO4xqD.js
│  0.83 kB │ gzip:   0.43 kB
│  .design-sync/sb-reference/assets/Button-DMny0H71.js
│  1.15 kB │ gzip:   0.66 kB
│  .design-sync/sb-reference/assets/Button.stories-C1I6mHTB.js
│  1.16 kB │ gzip:   0.48 kB
│  .design-sync/sb-reference/assets/TodoItem-C94J8RBC.js
│  1.53 kB │ gzip:   0.83 kB
│  .design-sync/sb-reference/assets/TodoForm.stories-LrX7zEMX.js
│  1.72 kB │ gzip:   1.01 kB
│  .design-sync/sb-reference/assets/TodoList.stories-nJ-Foe0l.js
│  2.09 kB │ gzip:   0.99 kB
│  .design-sync/sb-reference/assets/preload-helper-D2yxXLVK.js
│  2.40 kB │ gzip:   1.26 kB
│  .design-sync/sb-reference/vite-inject-mocker-entry.js
│  27.81 kB │ gzip:   9.63 kB
│  .design-sync/sb-reference/assets/react-18-CPuj5mka.js
│  204.21 kB │ gzip:  64.14 kB
│  .design-sync/sb-reference/assets/iframe-CFrfN9B1.js
│  1,250.37 kB │ gzip: 345.85 kB

│
▲  Vite [plugin builtin:vite-reporter]
│  (!) Some chunks are larger than 500 kB after minification. Consider:
│  - Using dynamic import() to code-split the application
│  - Use build.rolldownOptions.output.codeSplitting to improve chunking:
│  ]8;;https://rolldown.rs/reference/OutputOptions.codeSplittinghttps://rolldown.rs/reference/OutputOptions.codeSplitting]8;;
│  - Adjust chunk size limit for this warning via
│  build.chunkSizeWarningLimit.
│  Vite ✓ built in 507ms
│
◇  Output directory:
│  /Users/hikaru.kimura/design-work/.design-sync/sb-reference
│
└  Storybook build completed successfully


✔ Safe-chain: Scanned 1 packages, no malware found.
